================================================================================
–°–î–ï–õ–ö–ê ‚Ññ21327065 - –ü–û–õ–ù–´–ô –ê–ù–ê–õ–ò–ó
================================================================================
–ù–∞–π–¥–µ–Ω–æ –∑–≤–æ–Ω–∫–æ–≤: 2


================================================================================
–ó–í–û–ù–û–ö #1 –∏–∑ 2
================================================================================
Call ID: 01k8wgk6jgnq1sxnex47jrz0eq
–î–∞—Ç–∞: 2025-10-31 09:52:02
–î–ª–∏—Ç–µ–ª—å–Ω–æ—Å—Ç—å: 355 —Å–µ–∫—É–Ω–¥ (5 –º–∏–Ω 55 —Å–µ–∫)

üîÑ –°–∫–∞—á–∏–≤–∞–Ω–∏–µ –∞—É–¥–∏–æ...
‚úÖ –ê—É–¥–∏–æ –∑–∞–≥—Ä—É–∂–µ–Ω–æ: 1421568 –±–∞–π—Ç

üîÑ –¢—Ä–∞–Ω—Å–∫—Ä–∏–±–∞—Ü–∏—è (Whisper)...
2025-11-02 00:30:41 [info     ] Starting transcription         audio_size=1421568 language=ru
2025-11-02 00:30:59 [info     ] Whisper API request completed  response_size=41349 status_code=200
2025-11-02 00:30:59 [info     ] Transcription completed        length=6
‚úÖ –¢—Ä–∞–Ω—Å–∫—Ä–∏–±–∞—Ü–∏—è –∑–∞–≤–µ—Ä—à–µ–Ω–∞: 3619 —Å–∏–º–≤–æ–ª–æ–≤

--------------------------------------------------------------------------------
–¢–†–ê–ù–°–ö–†–ò–ü–¶–ò–Ø:
--------------------------------------------------------------------------------
–ï–ª–∏–∑–∞–≤–µ—Ç–∞, –¥–æ–±—Ä–æ–µ —É—Ç—Ä–æ! –ú–µ–Ω—è –∑–æ–≤—É—Ç –ê–Ω–∞—Å—Ç–∞—Å–∏—è, —à–≤–µ–π–Ω–æ–µ –ø—Ä–æ–∏–∑–≤–æ–¥—Å—Ç–≤–æ ¬´–°–∞–≤–∞–Ω–∏¬ª. –£–¥–æ–±–Ω–æ –í–∞–º —Ä–∞–∑–≥–æ–≤–∞—Ä–∏–≤–∞—Ç—å? –î–∞, –∑–¥—Ä–∞–≤—Å—Ç–≤—É–π—Ç–µ. –£–¥–æ–±–Ω–æ. –ù–∞—Ç–∞–ª—å—è, –º–æ–π —Ä—É–∫–æ–≤–æ–¥–∏—Ç–µ–ª—å, –ø–µ—Ä–µ–¥–∞–ª–∞ –º–Ω–µ –í–∞—à –∫–æ–Ω—Ç–∞–∫—Ç. –Ø –ø–µ—Ä–µ–ø–∏—Å–∫—É –ø–æ—á–∏—Ç–∞–ª–∞. –•–æ—Ç–µ–ª–∞ –∑–∞–¥–∞—Ç—å –í–∞–º –Ω–µ—Å–∫–æ–ª—å–∫–æ –≤–æ–ø—Ä–æ—Å–æ–≤. –ö–∞–∫–æ–µ –∫–æ–ª–∏—á–µ—Å—Ç–≤–æ, –∫–∞–∫–æ–π —Ç–∏—Ä–∞–∂ —Ñ—É—Ç–±–æ–ª–æ–∫ –í—ã –ø–ª–∞–Ω–∏—Ä—É–µ—Ç–µ –∑–∞–ø—É—Å–∫–∞—Ç—å? –ü–ª–∞–Ω–∏—Ä—É–µ–º –ø—Ä–∏–º–µ—Ä–Ω–æ 1000 —à—Ç—É–∫, –ø–ª—é—Å-–º–∏–Ω—É—Å 200 —à—Ç—É–∫. –ù—É –ª–∞–¥–Ω–æ, –≤ —Å—Ä–µ–¥–Ω–µ–º 1000 –µ–¥–∏–Ω–∏—Ü. –ù–∞ –¥–æ–≤–∞–ª—å—á–µ—Å–∫–æ–º —Å—ã—Ä—å–µ –í—ã –ø—Ä–µ–¥–æ—Å—Ç–∞–≤–ª—è–µ—Ç–µ –≤—Å–µ –ø–æ–ª–Ω–æ—Å—Ç—å—é, –≤—Å—é —Ñ—É—Ä–Ω–∏—Ç—É—Ä—É, –Ω–∏—Ç–∏ –∏–ª–∏ —Ç–æ–ª—å–∫–æ —Ç–∫–∞–Ω—å? –ü–æ–∫–∞ –ø–ª–∞–Ω–∏—Ä—É–µ–º —Ç–æ–ª—å–∫–æ —Ç–∫–∞–Ω—å. –Ø —Ç–æ–ª—å–∫–æ —Å–µ–π—á–∞—Å –Ω–∞—á–∞–ª–∞ —Å–≤—è–∑—ã–≤–∞—Ç—å—Å—è —Å —Ü–µ—Ö–∞–º–∏. –í –ø—Ä–∏–Ω—Ü–∏–ø–µ, –µ—Å–ª–∏ —Ç–∞–∫–æ–π –∑–∞–ø—Ä–æ—Å –ø–æ–ª–Ω–æ–≥–æ –ø—Ä–µ–¥–æ—Å—Ç–∞–≤–ª–µ–Ω–∏—è –±—É–¥–µ—Ç –æ—Ç –≤—Å–µ—Ö —Ü–µ—Ö–æ–≤, —Ç–æ, —Å–∫–æ—Ä–µ–µ –≤—Å–µ–≥–æ, –ø—Ä–∏–¥–µ—Ç—Å—è –µ—â–µ –ø–æ–ª–Ω–æ—Å—Ç—å—é –∑–∞–∫—É–ø–∞—Ç—å. –ü–æ—ç—Ç–æ–º—É –≤ —Ü–µ–ª–æ–º —Ç–∫–∞–Ω—å –≤ –ø–ª–∞–Ω–∞—Ö. –ù–µ—Ç, —è –ø—Ä–æ—Å—Ç–æ —Å–ø—Ä–∞—à–∏–≤–∞—é. –û–±—ã—á–Ω–æ –±—ã–≤–∞–µ—Ç, –Ω–µ –≤—Å–µ –ø–æ–Ω–∏–º–∞—é—Ç, —á—Ç–æ —Ç–∞–∫–æ–µ –¥–æ–≤–∞–ª—å—á–µ—Å–∫–æ–µ —Å—ã—Ä—å–µ. –ú—ã –µ–≥–æ —Ä–∞—Å—Å–º–∞—Ç—Ä–∏–≤–∞–µ–º —Å —Ä–∞–∑–Ω—ã—Ö —Å—Ç–æ—Ä–æ–Ω. –ü—Ä–æ—Å—Ç–æ –º—ã –¥–æ–ª–∂–Ω—ã –ø–æ–Ω–∏–º–∞—Ç—å, —á—Ç–æ –∑–∞–∫–ª–∞–¥—ã–≤–∞—Ç—å –≤ —Å—Ç–æ–∏–º–æ—Å—Ç–∏. –ï—Å–ª–∏ –í—ã –Ω–∞–º –ø—Ä–µ–¥–æ—Å—Ç–∞–≤–∏—Ç–µ —Ç–æ–ª—å–∫–æ –º–∞—Ç–µ—Ä–∏–∞–ª, —Ç–æ –º—ã –±—É–¥–µ–º —Å—á–∏—Ç–∞—Ç—å –Ω–µ —Ç–æ–ª—å–∫–æ –ø–æ—à–∏–≤, –Ω–æ –∏ –≤—Å–µ —Å–æ–ø—É—Ç—Å—Ç–≤—É—é—â–∏–µ –æ—Å—Ç–∞–ª—å–Ω—ã–µ, –∫—Ä–æ–º–µ —Å—ã—Ä—å—è, –º–∞—Ç–µ—Ä–∏–∞–ª—ã. –ë–∏—Ä–∫–∏, —É–ø–∞–∫–æ–≤–∫–∏, –Ω–∏—Ç–∏ –∏ –ø—Ä–æ—á–µ–µ. –í—Å–µ, —á—Ç–æ –Ω–µ–æ–±—Ö–æ–¥–∏–º–æ –¥–ª—è —Å–æ–∑–¥–∞–Ω–∏—è —ç—Ç–æ–π —Ñ—É—Ç–±–æ–ª–∫–∏. –ü–æ—ç—Ç–æ–º—É —è –∏ —Å–ø—Ä–∞—à–∏–≤–∞—é, —á—Ç–æ –±—É–¥–µ—Ç, —á—Ç–æ–±—ã –¥–∞—Ç—å –í–∞–º –∞–∫—Ç—É–∞–ª—å–Ω—É—é —Ü–µ–Ω—É. –ê —Ç–∞–∫ –º—ã, –≤ –ø—Ä–∏–Ω—Ü–∏–ø–µ, –º–æ–∂–µ–º –≤—Å–µ –∑–∞–∫—É–ø–∏—Ç—å. –≠—Ç–æ –≤–æ–æ–±—â–µ –Ω–µ –ø—Ä–æ–±–ª–µ–º–∞. –ú—ã –ø—Ä–µ–¥–æ—Å—Ç–∞–≤–ª—è–µ–º –ø–æ–ª–Ω—ã–π —Ü–∏–∫–ª —É—Å–ª—É–≥. –ó–¥–µ—Å—å –ø—Ä–æ—Å—Ç–æ –≤–æ–ø—Ä–æ—Å. –ë—ã–≤–∞–µ—Ç, —á—Ç–æ —É –∫–ª–∏–µ–Ω—Ç–∞ –µ—Å—Ç—å –∫–∞–∫–∏–µ-—Ç–æ —Å–≤–æ–∏ –ø–∞—Ä—Ç–Ω–µ—Ä—ã –ø–æ —Ç–∫–∞–Ω–∏. –ò–º —Ç–∞–∫ –≤—ã–≥–æ–¥–Ω–µ–µ, –∏–Ω—Ç–µ—Ä–µ—Å–Ω–µ–µ. –ê –≤—Å–µ –æ—Å—Ç–∞–ª—å–Ω–æ–µ –∏–º –Ω–µ–∏–Ω—Ç–µ—Ä–µ—Å–Ω–æ –∑–∞–∫—É–ø–∞—Ç—å –∏–ª–∏ –Ω–µ–∫–æ–≥–¥–∞. –ú—ã —Ç–∞–∫ —Ä–∞–±–æ—Ç–∞–µ–º. –ï—â–µ –≤–æ–ø—Ä–æ—Å. –£ –í–∞—Å –µ—Å—Ç—å –ø—Ä–æ—Ö–æ–¥–Ω–∞—è —Ü–µ–Ω–∞ –Ω–∞ —ç—Ç—É –ø–∞—Ä—Ç–∏—é? –ë—é–¥–∂–µ—Ç –∫–∞–∫–æ–π-—Ç–æ –∑–∞–ª–æ–∂–µ–Ω —É–∂–µ? –ü—Ä–∏–º–µ—Ä–Ω–æ —Ö–æ—Ç—è –±—ã? –ù–µ—Ç, –±—é–¥–∂–µ—Ç –µ—â–µ –Ω–µ –∑–∞–ª–æ–∂–µ–Ω. –ú—ã –ø–æ–∫–∞ —Ä–∞—Å—Å–º–∞—Ç—Ä–∏–≤–∞–µ–º —Å—Ç–æ–∏–º–æ—Å—Ç—å. –ï—â–µ –æ–±—Ä–∞—â–∞—è—Å—å –∫ —Ç–µ–º–µ —Ç–∫–∞–Ω–µ–π. –ú—ã –ø–ª–∞–Ω–∏—Ä—É–µ–º –∏–º–µ–Ω–Ω–æ —Ç–∫–∞–Ω—å –∑–∞–∫—É–ø–∏—Ç—å —Å–∞–º–æ—Å—Ç–æ—è—Ç–µ–ª—å–Ω–æ. –ê –≤—Å–µ –æ—Å—Ç–∞–ª—å–Ω–æ–µ —Ö–æ—Ç–µ–ª–∏ –±—ã —É–∑–Ω–∞—Ç—å —Ü–µ–Ω—É. –Ø –ø–æ–Ω—è–ª–∞, –∑–∞—Ñ–∏–∫—Å–∏—Ä–æ–≤–∞–ª–∞. –ö–æ–≥–¥–∞ –í—ã –ø–ª–∞–Ω–∏—Ä—É–µ—Ç–µ –∑–∞–ø—É—Å–∫ —ç—Ç–æ–π –ø–∞—Ä—Ç–∏–∏? –°–µ–π—á–∞—Å —É –í–∞—Å —ç—Ç–∞–ø —Ä–∞—Å—á–µ—Ç–∞, –Ω–∞—Å–∫–æ–ª—å–∫–æ —ç—Ç–æ—Ç –∑–∞–∫–∞–∑ –∞–∫—Ç—É–∞–ª—å–Ω—ã–π –Ω–∞ –±–ª–∏–∂–∞–π—à–µ–µ –≤—Ä–µ–º—è. –ò–ª–∏ –í—ã –ø—Ä–æ—Å—Ç–æ –Ω–∞ –ø–µ—Ä—Å–ø–µ–∫—Ç–∏–≤—É –ø—Ä–æ—Å—á–∏—Ç—ã–≤–∞–µ—Ç–µ, –¥–ª—è –ø–æ–Ω–∏–º–∞–Ω–∏—è –≤—Ö–æ–¥–∏—Ç—å –≤ —ç—Ç—É –Ω–∏—à—É –∏–ª–∏ –Ω–µ—Ç? –í —Ü–µ–ª–æ–º, –º—ã –ø–ª–∞–Ω–∏—Ä—É–µ–º —É–∂–µ –Ω–∞—á–∏–Ω–∞—Ç—å –ø—Ä–æ–¥–∞–∂–∏ –≤ —Ñ–µ–≤—Ä–∞–ª–µ. –ü–æ—ç—Ç–æ–º—É —Å–µ–π—á–∞—Å –∑–∞–Ω–∏–º–∞–µ–º—Å—è –ø–ª–∞–Ω–∏—Ä–æ–≤–∞–Ω–∏–µ–º. –ü—Ä–æ–¥–∞–∂–∏ –Ω–∞ –º–∞—Ä–∫–µ—Ç–ø–ª–µ–π—Å–∞—Ö, –¥–∞? –î–∞. –ó–Ω–∞—á–∏—Ç, –í–∞–º –Ω—É–∂–Ω—ã –ø–æ–ª–Ω—ã–µ —Ñ—É–ª—Ñ–∏–ª–º–µ–Ω—Ç—ã? –î–∞, –¥–∞. –£ –Ω–∞—Å —ç—Ç–æ –≤—Å–µ –Ω–∞–ª–∞–∂–µ–Ω–æ, –æ—Ç–ª–∞–∂–µ–Ω–æ. –ù–∞—à–µ –æ—Å–Ω–æ–≤–Ω–æ–µ –Ω–∞–ø—Ä–∞–≤–ª–µ–Ω–∏–µ ‚Äì —ç—Ç–æ —Ä–∞–±–æ—Ç–∞ —Å –∑–∞–∫–∞–∑–∞–º–∏ –¥–ª—è —Å–µ–ª–ª–µ—Ä–æ–≤ –Ω–∞ –º–∞—Ä–∫–µ—Ç–ø–ª–µ–π—Å–∞—Ö. –ù—É –∏ –±—ã–≤–∞—é—Ç —Å–æ–±—ã—Ç–∏–π–Ω—ã–µ –∑–∞–∫–∞–∑—ã –ø–æ–¥ –∫–∞–∫–∏–µ-—Ç–æ –º–µ—Ä–æ–ø—Ä–∏—è—Ç–∏—è –¥–ª—è –∫–æ–º–ø–∞–Ω–∏–π. –ü–æ—ç—Ç–æ–º—É –ª–æ–≥–∏—Å—Ç–∏–∫–∞ –≤—Å–µ —É –Ω–∞—Å –æ—Ç–ª–∞–∂–µ–Ω–∞. –°–æ—Ä—Ç–∏—Ä–æ–≤–∫–∞, —É–ø–∞–∫–æ–≤–∫–∞, –û–¢–ö, –í–¢–û. –û–¢–ö —É –Ω–∞—Å —Ç—Ä–æ–π–Ω–æ–µ, –ù–∞—Ç–∞–ª—å—è –í–∞–º —Ç–∞–º –≤—Å–µ –ø–∏—Å–∞–ª–∞, —Ä–∞—Å–ø–∏—Å—ã–≤–∞–ª–∞. –ü–∞–∫–µ—Ç ZIP –±—Ä–æ–Ω–∏—Ä–æ–≤–∞–Ω–Ω—ã–π –∏–ª–∏ –ø—Ä–æ—Å—Ç–æ –æ–±—ã—á–Ω—ã–π? –û–±—ã—á–Ω—ã–π ZIP –ø–∞–∫–µ—Ç. –ü–∞–∫–µ—Ç ZIP –Ω–µ –±—Ä–æ–Ω–∏—Ä–æ–≤–∞–Ω–Ω—ã–π. –ê –¥—ã—Ä–∫–∞? –î—ã—Ä–∫–∞ –µ—Å—Ç—å —Å–≤–æ—è. –í–æ–∑–º–µ—Ä–∏—Ç—å —Å–µ–π—á–∞—Å –Ω–µ –ø–æ–¥—Å–∫–∞–∂—É. –ù–æ —Ç–∞–∫ –º–∞–∫–µ—Ç –µ—Å—Ç—å. –Ø –ø–æ–Ω—è–ª–∞. –ú—ã –µ–µ –±—É–¥–µ–º –∏–∑–≥–æ—Ç–∞–≤–ª–∏–≤–∞—Ç—å —Å–∞—Ç–∏–Ω –∏–ª–∏ —Å–∏–ª–∏–∫–æ–Ω–æ–≤–∞—è. –ú—ã –¥–µ–ª–∞–µ–º –≤ –ø—Ä–∏–Ω—Ü–∏–ø–µ –ª—é–±—É—é. –ú–æ–∂–µ–º –∑–∞–∫–∞–∑–∞—Ç—å –¥–ª—è –í–∞—Å. –•–æ—Ç–∏—Ç–µ –∂–∞–∫–∫–∞—Ä–¥. –ü—Ä–æ—Å—Ç–æ –≤—Å–µ –ø–æ-—Ä–∞–∑–Ω–æ–º—É. –û–Ω–∞ –±—É–¥–µ—Ç –∫–∞–∫ —Ä–∞–∑–º–µ—Ä–Ω–∏–∫ –∏–ª–∏ –Ω–∞—à–∏–≤–Ω–∞—è –Ω–∞ –∏–∑–¥–µ–ª–∏–µ? –£ –Ω–∞—Å –æ–±—ã—á–Ω–æ –µ—Å—Ç—å —Å —Ä–∞–∑–º–µ—Ä–æ–º –æ—Ç–¥–µ–ª—å–Ω–æ. –°–≤–µ—Ä—Ö—É –±—Ä–µ–Ω–¥ –Ω–∞—à–∏–≤–Ω–æ–π –∏ –µ—â–µ —Å–æ—Å—Ç–∞–≤–Ω–∏–∫. –¢—Ä–∏ –±–∏—Ä–∫–∏? –î–∞, –æ–Ω–∏ –∫–∞–∫ –ø—Ä–∞–≤–∏–ª–æ —Å–∞—Ç–∏–Ω–∞. –ú–æ–∂–Ω–æ –æ–ø—É—Å—Ç–∏—Ç—å –Ω–∞ –±–∏—Ä–∫—É, —Å–æ–µ–¥–∏–Ω–∏—Ç—å –±—Ä–µ–Ω–¥ –∏ —Ä–∞–∑–º–µ—Ä. –û–±—ã—á–Ω–æ —Ç–∞–∫ –∏ –¥–µ–ª–∞—é—Ç. –ü–æ—Ç–æ–º—É —á—Ç–æ –±–∏—Ä–∫–∏ –≤—Å–µ —Ä–∞–≤–Ω–æ —Å—Ä–µ–∑–∞—é—Ç. –°–¥–µ–ª–∞–π—Ç–µ –º—è–≥–µ–Ω—å–∫—É—é, –∞–∫–∫—É—Ä–∞—Ç–Ω–µ–Ω—å–∫—É—é. –ü–æ –æ–ø—ã—Ç—É. –ó–∞—á–µ–º –í–∞–º —Ç—Ä–∏? –í—à–∏–≤–Ω–∞—è, —Å–æ—Å—Ç–∞–≤–Ω–∏–∫ –≤ –±–æ–∫–æ–≤–æ–π —à–æ–≤ –∏, –Ω–∞–ø—Ä–∏–º–µ—Ä, —Ä–∞–∑–º–µ—Ä–Ω–∏–∫ —Å –±—Ä–µ–Ω–¥–æ–º. –î–≤–µ –±–∏—Ä–∫–∏. –ö–∞—Ä—Ç–æ–Ω–Ω–∞—è –±–∏—Ä–∫–∞, —á–µ—Å—Ç–Ω—ã–π –∑–Ω–∞–∫, —à—Ç—Ä–∏—Ö-–∫–æ–¥—ã, –±–∞—Ä–∫–æ–¥—ã. –í—Å–µ —ç—Ç–æ –º—ã –¥–µ–ª–∞–µ–º. –í –ø—Ä–∏–Ω—Ü–∏–ø–µ —è –ø–æ–Ω—è–ª–∞. –ó–∞–ø—Ä–æ—Å –º–Ω–µ –±–æ–ª–µ–µ —á–µ–º –ø–æ–Ω—è—Ç–µ–Ω. –£ –í–∞—Å –∫—É–ª–∏—Ä–∫–∞ —Å –ª–∞–π–∫—Ä–æ–π 250 –≥ –ø–ª–æ—Ç–Ω–æ—Å—Ç—å –±—É–¥–µ—Ç? –î–∞. –ê –∫–∞–∫–æ–π —Ü–≤–µ—Ç? –ë–µ–ª—ã–π –∏ —á–µ—Ä–Ω—ã–π. 50 –Ω–∞ 50, –≤–µ—Ä–Ω–æ? –î–∞, –ø—Ä–∏–º–µ—Ä–Ω–æ –¥–∞. –ê –±—É–¥–µ—Ç –∫–∞–∫–æ–µ-—Ç–æ –±—Ä–µ–Ω–¥–∏—Ä–æ–≤–∞–Ω–∏–µ –Ω–∞ —Å–∞–º–æ–π —Ñ—É—Ç–±–æ–ª–∫–µ? –®–µ–ª–∫–æ–≥—Ä–∞—Ñ–∏—è, –≤—ã—à–∏–≤–∫–∞? –ò–ª–∏ —ç—Ç–æ –±—É–¥—É—Ç –ø—Ä–æ—Å—Ç–æ —Ç–∞–∫–∏–µ –Ω–æ—É–Ω–µ–π–º-—Ñ—É—Ç–±–æ–ª–∫–∏? –î–∞, –ø—Ä–æ—Å—Ç–æ –æ–¥–Ω–æ–∫–ª–∞—Å—Å–Ω–∏–∫–∞. –ê–ª–ª–æ. –î–∞, –¥–∞. –ê–ª–ª–æ, –ï–ª–∏–∑–∞–≤–µ—Ç–∞, –∞–ª–ª–æ. –°–ª—ã—à—å –Ω–∞ –º–µ–Ω—è?
--------------------------------------------------------------------------------

üîÑ –†–∞–∑–¥–µ–ª–µ–Ω–∏–µ –Ω–∞ —Ä–æ–ª–∏ (GPT-4o)...
2025-11-02 00:30:59 [info     ] Starting diarization           transcript_length=3619
2025-11-02 00:31:08 [info     ] Diarization completed          formatted_length=3863 turns_count=27
‚úÖ –î–∏–∞—Ä–∏–∑–∞—Ü–∏—è –∑–∞–≤–µ—Ä—à–µ–Ω–∞: 27 —Ä–µ–ø–ª–∏–∫

--------------------------------------------------------------------------------
–î–ò–ê–õ–û–ì –° –†–û–õ–Ø–ú–ò:
--------------------------------------------------------------------------------
–ú–µ–Ω–µ–¥–∂–µ—Ä: –ï–ª–∏–∑–∞–≤–µ—Ç–∞, –¥–æ–±—Ä–æ–µ —É—Ç—Ä–æ! –ú–µ–Ω—è –∑–æ–≤—É—Ç –ê–Ω–∞—Å—Ç–∞—Å–∏—è, —à–≤–µ–π–Ω–æ–µ –ø—Ä–æ–∏–∑–≤–æ–¥—Å—Ç–≤–æ ¬´–°–∞–≤–∞–Ω–∏¬ª. –£–¥–æ–±–Ω–æ –í–∞–º —Ä–∞–∑–≥–æ–≤–∞—Ä–∏–≤–∞—Ç—å?
–ö–ª–∏–µ–Ω—Ç: –î–∞, –∑–¥—Ä–∞–≤—Å—Ç–≤—É–π—Ç–µ. –£–¥–æ–±–Ω–æ.
–ú–µ–Ω–µ–¥–∂–µ—Ä: –ù–∞—Ç–∞–ª—å—è, –º–æ–π —Ä—É–∫–æ–≤–æ–¥–∏—Ç–µ–ª—å, –ø–µ—Ä–µ–¥–∞–ª–∞ –º–Ω–µ –í–∞—à –∫–æ–Ω—Ç–∞–∫—Ç. –Ø –ø–µ—Ä–µ–ø–∏—Å–∫—É –ø–æ—á–∏—Ç–∞–ª–∞. –•–æ—Ç–µ–ª–∞ –∑–∞–¥–∞—Ç—å –í–∞–º –Ω–µ—Å–∫–æ–ª—å–∫–æ –≤–æ–ø—Ä–æ—Å–æ–≤. –ö–∞–∫–æ–µ –∫–æ–ª–∏—á–µ—Å—Ç–≤–æ, –∫–∞–∫–æ–π —Ç–∏—Ä–∞–∂ —Ñ—É—Ç–±–æ–ª–æ–∫ –í—ã –ø–ª–∞–Ω–∏—Ä—É–µ—Ç–µ –∑–∞–ø—É—Å–∫–∞—Ç—å?
–ö–ª–∏–µ–Ω—Ç: –ü–ª–∞–Ω–∏—Ä—É–µ–º –ø—Ä–∏–º–µ—Ä–Ω–æ 1000 —à—Ç—É–∫, –ø–ª—é—Å-–º–∏–Ω—É—Å 200 —à—Ç—É–∫. –ù—É –ª–∞–¥–Ω–æ, –≤ —Å—Ä–µ–¥–Ω–µ–º 1000 –µ–¥–∏–Ω–∏—Ü.
–ú–µ–Ω–µ–¥–∂–µ—Ä: –ù–∞ –¥–æ–≤–∞–ª—å—á–µ—Å–∫–æ–º —Å—ã—Ä—å–µ –í—ã –ø—Ä–µ–¥–æ—Å—Ç–∞–≤–ª—è–µ—Ç–µ –≤—Å–µ –ø–æ–ª–Ω–æ—Å—Ç—å—é, –≤—Å—é —Ñ—É—Ä–Ω–∏—Ç—É—Ä—É, –Ω–∏—Ç–∏ –∏–ª–∏ —Ç–æ–ª—å–∫–æ —Ç–∫–∞–Ω—å?
–ö–ª–∏–µ–Ω—Ç: –ü–æ–∫–∞ –ø–ª–∞–Ω–∏—Ä—É–µ–º —Ç–æ–ª—å–∫–æ —Ç–∫–∞–Ω—å. –Ø —Ç–æ–ª—å–∫–æ —Å–µ–π—á–∞—Å –Ω–∞—á–∞–ª–∞ —Å–≤—è–∑—ã–≤–∞—Ç—å—Å—è —Å —Ü–µ—Ö–∞–º–∏. –í –ø—Ä–∏–Ω—Ü–∏–ø–µ, –µ—Å–ª–∏ —Ç–∞–∫–æ–π –∑–∞–ø—Ä–æ—Å –ø–æ–ª–Ω–æ–≥–æ –ø—Ä–µ–¥–æ—Å—Ç–∞–≤–ª–µ–Ω–∏—è –±—É–¥–µ—Ç –æ—Ç –≤—Å–µ—Ö —Ü–µ—Ö–æ–≤, —Ç–æ, —Å–∫–æ—Ä–µ–µ –≤—Å–µ–≥–æ, –ø—Ä–∏–¥–µ—Ç—Å—è –µ—â–µ –ø–æ–ª–Ω–æ—Å—Ç—å—é –∑–∞–∫—É–ø–∞—Ç—å. –ü–æ—ç—Ç–æ–º—É –≤ —Ü–µ–ª–æ–º —Ç–∫–∞–Ω—å –≤ –ø–ª–∞–Ω–∞—Ö.
–ú–µ–Ω–µ–¥–∂–µ—Ä: –ù–µ—Ç, —è –ø—Ä–æ—Å—Ç–æ —Å–ø—Ä–∞—à–∏–≤–∞—é. –û–±—ã—á–Ω–æ –±—ã–≤–∞–µ—Ç, –Ω–µ –≤—Å–µ –ø–æ–Ω–∏–º–∞—é—Ç, —á—Ç–æ —Ç–∞–∫–æ–µ –¥–æ–≤–∞–ª—å—á–µ—Å–∫–æ–µ —Å—ã—Ä—å–µ. –ú—ã –µ–≥–æ —Ä–∞—Å—Å–º–∞—Ç—Ä–∏–≤–∞–µ–º —Å —Ä–∞–∑–Ω—ã—Ö —Å—Ç–æ—Ä–æ–Ω. –ü—Ä–æ—Å—Ç–æ –º—ã –¥–æ–ª–∂–Ω—ã –ø–æ–Ω–∏–º–∞—Ç—å, —á—Ç–æ –∑–∞–∫–ª–∞–¥—ã–≤–∞—Ç—å –≤ —Å—Ç–æ–∏–º–æ—Å—Ç–∏. –ï—Å–ª–∏ –í—ã –Ω–∞–º –ø—Ä–µ–¥–æ—Å—Ç–∞–≤–∏—Ç–µ —Ç–æ–ª—å–∫–æ –º–∞—Ç–µ—Ä–∏–∞–ª, —Ç–æ –º—ã –±—É–¥–µ–º —Å—á–∏—Ç–∞—Ç—å –Ω–µ —Ç–æ–ª—å–∫–æ –ø–æ—à–∏–≤, –Ω–æ –∏ –≤—Å–µ —Å–æ–ø—É—Ç—Å—Ç–≤—É—é—â–∏–µ –æ—Å—Ç–∞–ª—å–Ω—ã–µ, –∫—Ä–æ–º–µ —Å—ã—Ä—å—è, –º–∞—Ç–µ—Ä–∏–∞–ª—ã. –ë–∏—Ä–∫–∏, —É–ø–∞–∫–æ–≤–∫–∏, –Ω–∏—Ç–∏ –∏ –ø—Ä–æ—á–µ–µ. –í—Å–µ, —á—Ç–æ –Ω–µ–æ–±—Ö–æ–¥–∏–º–æ –¥–ª—è —Å–æ–∑–¥–∞–Ω–∏—è —ç—Ç–æ–π —Ñ—É—Ç–±–æ–ª–∫–∏. –ü–æ—ç—Ç–æ–º—É —è –∏ —Å–ø—Ä–∞—à–∏–≤–∞—é, —á—Ç–æ –±—É–¥–µ—Ç, —á—Ç–æ–±—ã –¥–∞—Ç—å –í–∞–º –∞–∫—Ç—É–∞–ª—å–Ω—É—é —Ü–µ–Ω—É. –ê —Ç–∞–∫ –º—ã, –≤ –ø—Ä–∏–Ω—Ü–∏–ø–µ, –º–æ–∂–µ–º –≤—Å–µ –∑–∞–∫—É–ø–∏—Ç—å. –≠—Ç–æ –≤–æ–æ–±—â–µ –Ω–µ –ø—Ä–æ–±–ª–µ–º–∞. –ú—ã –ø—Ä–µ–¥–æ—Å—Ç–∞–≤–ª—è–µ–º –ø–æ–ª–Ω—ã–π —Ü–∏–∫–ª —É—Å–ª—É–≥. –ó–¥–µ—Å—å –ø—Ä–æ—Å—Ç–æ –≤–æ–ø—Ä–æ—Å. –ë—ã–≤–∞–µ—Ç, —á—Ç–æ —É –∫–ª–∏–µ–Ω—Ç–∞ –µ—Å—Ç—å –∫–∞–∫–∏–µ-—Ç–æ —Å–≤–æ–∏ –ø–∞—Ä—Ç–Ω–µ—Ä—ã –ø–æ —Ç–∫–∞–Ω–∏. –ò–º —Ç–∞–∫ –≤—ã–≥–æ–¥–Ω–µ–µ, –∏–Ω—Ç–µ—Ä–µ—Å–Ω–µ–µ. –ê –≤—Å–µ –æ—Å—Ç–∞–ª—å–Ω–æ–µ –∏–º –Ω–µ–∏–Ω—Ç–µ—Ä–µ—Å–Ω–æ –∑–∞–∫—É–ø–∞—Ç—å –∏–ª–∏ –Ω–µ–∫–æ–≥–¥–∞. –ú—ã —Ç–∞–∫ —Ä–∞–±–æ—Ç–∞–µ–º. –ï—â–µ –≤–æ–ø—Ä–æ—Å. –£ –í–∞—Å –µ—Å—Ç—å –ø—Ä–æ—Ö–æ–¥–Ω–∞—è —Ü–µ–Ω–∞ –Ω–∞ —ç—Ç—É –ø–∞—Ä—Ç–∏—é? –ë—é–¥–∂–µ—Ç –∫–∞–∫–æ–π-—Ç–æ –∑–∞–ª–æ–∂–µ–Ω —É–∂–µ? –ü—Ä–∏–º–µ—Ä–Ω–æ —Ö–æ—Ç—è –±—ã?
–ö–ª–∏–µ–Ω—Ç: –ù–µ—Ç, –±—é–¥–∂–µ—Ç –µ—â–µ –Ω–µ –∑–∞–ª–æ–∂–µ–Ω. –ú—ã –ø–æ–∫–∞ —Ä–∞—Å—Å–º–∞—Ç—Ä–∏–≤–∞–µ–º —Å—Ç–æ–∏–º–æ—Å—Ç—å. –ï—â–µ –æ–±—Ä–∞—â–∞—è—Å—å –∫ —Ç–µ–º–µ —Ç–∫–∞–Ω–µ–π. –ú—ã –ø–ª–∞–Ω–∏—Ä—É–µ–º –∏–º–µ–Ω–Ω–æ —Ç–∫–∞–Ω—å –∑–∞–∫—É–ø–∏—Ç—å —Å–∞–º–æ—Å—Ç–æ—è—Ç–µ–ª—å–Ω–æ. –ê –≤—Å–µ –æ—Å—Ç–∞–ª—å–Ω–æ–µ —Ö–æ—Ç–µ–ª–∏ –±—ã —É–∑–Ω–∞—Ç—å —Ü–µ–Ω—É.
–ú–µ–Ω–µ–¥–∂–µ—Ä: –Ø –ø–æ–Ω—è–ª–∞, –∑–∞—Ñ–∏–∫—Å–∏—Ä–æ–≤–∞–ª–∞. –ö–æ–≥–¥–∞ –í—ã –ø–ª–∞–Ω–∏—Ä—É–µ—Ç–µ –∑–∞–ø—É—Å–∫ —ç—Ç–æ–π –ø–∞—Ä—Ç–∏–∏? –°–µ–π—á–∞—Å —É –í–∞—Å —ç—Ç–∞–ø —Ä–∞—Å—á–µ—Ç–∞, –Ω–∞—Å–∫–æ–ª—å–∫–æ —ç—Ç–æ—Ç –∑–∞–∫–∞–∑ –∞–∫—Ç—É–∞–ª—å–Ω—ã–π –Ω–∞ –±–ª–∏–∂–∞–π—à–µ–µ –≤—Ä–µ–º—è. –ò–ª–∏ –í—ã –ø—Ä–æ—Å—Ç–æ –Ω–∞ –ø–µ—Ä—Å–ø–µ–∫—Ç–∏–≤—É –ø—Ä–æ—Å—á–∏—Ç—ã–≤–∞–µ—Ç–µ, –¥–ª—è –ø–æ–Ω–∏–º–∞–Ω–∏—è –≤—Ö–æ–¥–∏—Ç—å –≤ —ç—Ç—É –Ω–∏—à—É –∏–ª–∏ –Ω–µ—Ç?
–ö–ª–∏–µ–Ω—Ç: –í —Ü–µ–ª–æ–º, –º—ã –ø–ª–∞–Ω–∏—Ä—É–µ–º —É–∂–µ –Ω–∞—á–∏–Ω–∞—Ç—å –ø—Ä–æ–¥–∞–∂–∏ –≤ —Ñ–µ–≤—Ä–∞–ª–µ. –ü–æ—ç—Ç–æ–º—É —Å–µ–π—á–∞—Å –∑–∞–Ω–∏–º–∞–µ–º—Å—è –ø–ª–∞–Ω–∏—Ä–æ–≤–∞–Ω–∏–µ–º.
–ú–µ–Ω–µ–¥–∂–µ—Ä: –ü—Ä–æ–¥–∞–∂–∏ –Ω–∞ –º–∞—Ä–∫–µ—Ç–ø–ª–µ–π—Å–∞—Ö, –¥–∞?
–ö–ª–∏–µ–Ω—Ç: –î–∞.
–ú–µ–Ω–µ–¥–∂–µ—Ä: –ó–Ω–∞—á–∏—Ç, –í–∞–º –Ω—É–∂–Ω—ã –ø–æ–ª–Ω—ã–µ —Ñ—É–ª—Ñ–∏–ª–º–µ–Ω—Ç—ã?
–ö–ª–∏–µ–Ω—Ç: –î–∞, –¥–∞.
–ú–µ–Ω–µ–¥–∂–µ—Ä: –£ –Ω–∞—Å —ç—Ç–æ –≤—Å–µ –Ω–∞–ª–∞–∂–µ–Ω–æ, –æ—Ç–ª–∞–∂–µ–Ω–æ. –ù–∞—à–µ –æ—Å–Ω–æ–≤–Ω–æ–µ –Ω–∞–ø—Ä–∞–≤–ª–µ–Ω–∏–µ ‚Äì —ç—Ç–æ —Ä–∞–±–æ—Ç–∞ —Å –∑–∞–∫–∞–∑–∞–º–∏ –¥–ª—è —Å–µ–ª–ª–µ—Ä–æ–≤ –Ω–∞ –º–∞—Ä–∫–µ—Ç–ø–ª–µ–π—Å–∞—Ö. –ù—É –∏ –±—ã–≤–∞—é—Ç —Å–æ–±—ã—Ç–∏–π–Ω—ã–µ –∑–∞–∫–∞–∑—ã –ø–æ–¥ –∫–∞–∫–∏–µ-—Ç–æ –º–µ—Ä–æ–ø—Ä–∏—è—Ç–∏—è –¥–ª—è –∫–æ–º–ø–∞–Ω–∏–π. –ü–æ—ç—Ç–æ–º—É –ª–æ–≥–∏—Å—Ç–∏–∫–∞ –≤—Å–µ —É –Ω–∞—Å –æ—Ç–ª–∞–∂–µ–Ω–∞. –°–æ—Ä—Ç–∏—Ä–æ–≤–∫–∞, —É–ø–∞–∫–æ–≤–∫–∞, –û–¢–ö, –í–¢–û. –û–¢–ö —É –Ω–∞—Å —Ç—Ä–æ–π–Ω–æ–µ, –ù–∞—Ç–∞–ª—å—è –í–∞–º —Ç–∞–º –≤—Å–µ –ø–∏—Å–∞–ª–∞, —Ä–∞—Å–ø–∏—Å—ã–≤–∞–ª–∞. –ü–∞–∫–µ—Ç ZIP –±—Ä–æ–Ω–∏—Ä–æ–≤–∞–Ω–Ω—ã–π –∏–ª–∏ –ø—Ä–æ—Å—Ç–æ –æ–±—ã—á–Ω—ã–π?
–ö–ª–∏–µ–Ω—Ç: –û–±—ã—á–Ω—ã–π ZIP –ø–∞–∫–µ—Ç. –ü–∞–∫–µ—Ç ZIP –Ω–µ –±—Ä–æ–Ω–∏—Ä–æ–≤–∞–Ω–Ω—ã–π.
–ú–µ–Ω–µ–¥–∂–µ—Ä: –ê –¥—ã—Ä–∫–∞?
–ö–ª–∏–µ–Ω—Ç: –î—ã—Ä–∫–∞ –µ—Å—Ç—å —Å–≤–æ—è. –í–æ–∑–º–µ—Ä–∏—Ç—å —Å–µ–π—á–∞—Å –Ω–µ –ø–æ–¥—Å–∫–∞–∂—É. –ù–æ —Ç–∞–∫ –º–∞–∫–µ—Ç –µ—Å—Ç—å.
–ú–µ–Ω–µ–¥–∂–µ—Ä: –Ø –ø–æ–Ω—è–ª–∞. –ú—ã –µ–µ –±—É–¥–µ–º –∏–∑–≥–æ—Ç–∞–≤–ª–∏–≤–∞—Ç—å —Å–∞—Ç–∏–Ω –∏–ª–∏ —Å–∏–ª–∏–∫–æ–Ω–æ–≤–∞—è. –ú—ã –¥–µ–ª–∞–µ–º –≤ –ø—Ä–∏–Ω—Ü–∏–ø–µ –ª—é–±—É—é. –ú–æ–∂–µ–º –∑–∞–∫–∞–∑–∞—Ç—å –¥–ª—è –í–∞—Å. –•–æ—Ç–∏—Ç–µ –∂–∞–∫–∫–∞—Ä–¥. –ü—Ä–æ—Å—Ç–æ –≤—Å–µ –ø–æ-—Ä–∞–∑–Ω–æ–º—É. –û–Ω–∞ –±—É–¥–µ—Ç –∫–∞–∫ —Ä–∞–∑–º–µ—Ä–Ω–∏–∫ –∏–ª–∏ –Ω–∞—à–∏–≤–Ω–∞—è –Ω–∞ –∏–∑–¥–µ–ª–∏–µ?
–ö–ª–∏–µ–Ω—Ç: –£ –Ω–∞—Å –æ–±—ã—á–Ω–æ –µ—Å—Ç—å —Å —Ä–∞–∑–º–µ—Ä–æ–º –æ—Ç–¥–µ–ª—å–Ω–æ. –°–≤–µ—Ä—Ö—É –±—Ä–µ–Ω–¥ –Ω–∞—à–∏–≤–Ω–æ–π –∏ –µ—â–µ —Å–æ—Å—Ç–∞–≤–Ω–∏–∫. –¢—Ä–∏ –±–∏—Ä–∫–∏?
–ú–µ–Ω–µ–¥–∂–µ—Ä: –î–∞, –æ–Ω–∏ –∫–∞–∫ –ø—Ä–∞–≤–∏–ª–æ —Å–∞—Ç–∏–Ω–∞. –ú–æ–∂–Ω–æ –æ–ø—É—Å—Ç–∏—Ç—å –Ω–∞ –±–∏—Ä–∫—É, —Å–æ–µ–¥–∏–Ω–∏—Ç—å –±—Ä–µ–Ω–¥ –∏ —Ä–∞–∑–º–µ—Ä. –û–±—ã—á–Ω–æ —Ç–∞–∫ –∏ –¥–µ–ª–∞—é—Ç. –ü–æ—Ç–æ–º—É —á—Ç–æ –±–∏—Ä–∫–∏ –≤—Å–µ —Ä–∞–≤–Ω–æ —Å—Ä–µ–∑–∞—é—Ç. –°–¥–µ–ª–∞–π—Ç–µ –º—è–≥–µ–Ω—å–∫—É—é, –∞–∫–∫—É—Ä–∞—Ç–Ω–µ–Ω—å–∫—É—é. –ü–æ –æ–ø—ã—Ç—É. –ó–∞—á–µ–º –í–∞–º —Ç—Ä–∏? –í—à–∏–≤–Ω–∞—è, —Å–æ—Å—Ç–∞–≤–Ω–∏–∫ –≤ –±–æ–∫–æ–≤–æ–π —à–æ–≤ –∏, –Ω–∞–ø—Ä–∏–º–µ—Ä, —Ä–∞–∑–º–µ—Ä–Ω–∏–∫ —Å –±—Ä–µ–Ω–¥–æ–º. –î–≤–µ –±–∏—Ä–∫–∏. –ö–∞—Ä—Ç–æ–Ω–Ω–∞—è –±–∏—Ä–∫–∞, —á–µ—Å—Ç–Ω—ã–π –∑–Ω–∞–∫, —à—Ç—Ä–∏—Ö-–∫–æ–¥—ã, –±–∞—Ä–∫–æ–¥—ã. –í—Å–µ —ç—Ç–æ –º—ã –¥–µ–ª–∞–µ–º. –í –ø—Ä–∏–Ω—Ü–∏–ø–µ —è –ø–æ–Ω—è–ª–∞. –ó–∞–ø—Ä–æ—Å –º–Ω–µ –±–æ–ª–µ–µ —á–µ–º –ø–æ–Ω—è—Ç–µ–Ω. –£ –í–∞—Å –∫—É–ª–∏—Ä–∫–∞ —Å –ª–∞–π–∫—Ä–æ–π 250 –≥ –ø–ª–æ—Ç–Ω–æ—Å—Ç—å –±—É–¥–µ—Ç?
–ö–ª–∏–µ–Ω—Ç: –î–∞.
–ú–µ–Ω–µ–¥–∂–µ—Ä: –ê –∫–∞–∫–æ–π —Ü–≤–µ—Ç?
–ö–ª–∏–µ–Ω—Ç: –ë–µ–ª—ã–π –∏ —á–µ—Ä–Ω—ã–π. 50 –Ω–∞ 50, –≤–µ—Ä–Ω–æ?
–ú–µ–Ω–µ–¥–∂–µ—Ä: –î–∞, –ø—Ä–∏–º–µ—Ä–Ω–æ –¥–∞. –ê –±—É–¥–µ—Ç –∫–∞–∫–æ–µ-—Ç–æ –±—Ä–µ–Ω–¥–∏—Ä–æ–≤–∞–Ω–∏–µ –Ω–∞ —Å–∞–º–æ–π —Ñ—É—Ç–±–æ–ª–∫–µ? –®–µ–ª–∫–æ–≥—Ä–∞—Ñ–∏—è, –≤—ã—à–∏–≤–∫–∞? –ò–ª–∏ —ç—Ç–æ –±—É–¥—É—Ç –ø—Ä–æ—Å—Ç–æ —Ç–∞–∫–∏–µ –Ω–æ—É–Ω–µ–π–º-—Ñ—É—Ç–±–æ–ª–∫–∏?
–ö–ª–∏–µ–Ω—Ç: –î–∞, –ø—Ä–æ—Å—Ç–æ –æ–¥–Ω–æ–∫–ª–∞—Å—Å–Ω–∏–∫–∞.
–ú–µ–Ω–µ–¥–∂–µ—Ä: –ê–ª–ª–æ. –î–∞, –¥–∞. –ê–ª–ª–æ, –ï–ª–∏–∑–∞–≤–µ—Ç–∞, –∞–ª–ª–æ. –°–ª—ã—à—å –Ω–∞ –º–µ–Ω—è?
--------------------------------------------------------------------------------

üîÑ –ì–ª—É–±–æ–∫–∏–π –∞–Ω–∞–ª–∏–∑ (GPT-5 Pro)...
‚è≥ –≠—Ç–æ –º–æ–∂–µ—Ç –∑–∞–Ω—è—Ç—å 2-5 –º–∏–Ω—É—Ç...
Traceback (most recent call last):
  File "/usr/local/lib/python3.10/dist-packages/httpx/_transports/default.py", line 66, in map_httpcore_exceptions
    yield
  File "/usr/local/lib/python3.10/dist-packages/httpx/_transports/default.py", line 366, in handle_async_request
    resp = await self._pool.handle_async_request(req)
  File "/usr/local/lib/python3.10/dist-packages/httpcore/_async/connection_pool.py", line 256, in handle_async_request
    raise exc from None
  File "/usr/local/lib/python3.10/dist-packages/httpcore/_async/connection_pool.py", line 236, in handle_async_request
    response = await connection.handle_async_request(
  File "/usr/local/lib/python3.10/dist-packages/httpcore/_async/connection.py", line 103, in handle_async_request
    return await self._connection.handle_async_request(request)
  File "/usr/local/lib/python3.10/dist-packages/httpcore/_async/http11.py", line 136, in handle_async_request
    raise exc
  File "/usr/local/lib/python3.10/dist-packages/httpcore/_async/http11.py", line 106, in handle_async_request
    ) = await self._receive_response_headers(**kwargs)
  File "/usr/local/lib/python3.10/dist-packages/httpcore/_async/http11.py", line 177, in _receive_response_headers
    event = await self._receive_event(timeout=timeout)
  File "/usr/local/lib/python3.10/dist-packages/httpcore/_async/http11.py", line 217, in _receive_event
    data = await self._network_stream.read(
  File "/usr/local/lib/python3.10/dist-packages/httpcore/_backends/anyio.py", line 32, in read
    with map_exceptions(exc_map):
  File "/usr/lib/python3.10/contextlib.py", line 153, in __exit__
    self.gen.throw(typ, value, traceback)
  File "/usr/local/lib/python3.10/dist-packages/httpcore/_exceptions.py", line 14, in map_exceptions
    raise to_exc(exc) from exc
httpcore.ReadTimeout

The above exception was the direct cause of the following exception:

Traceback (most recent call last):
  File "/root/salesbot-mvp/demo_deal_21327065.py", line 156, in <module>
    asyncio.run(main())
  File "/usr/lib/python3.10/asyncio/runners.py", line 44, in run
    return loop.run_until_complete(main)
  File "/usr/lib/python3.10/asyncio/base_events.py", line 649, in run_until_complete
    return future.result()
  File "/root/salesbot-mvp/demo_deal_21327065.py", line 101, in main
    analysis = await analyze_dialog(
  File "/root/salesbot-mvp/app/analysis/pipeline.py", line 201, in analyze_dialog
    raw = await call_openai_api(
  File "/root/salesbot-mvp/app/analysis/pipeline.py", line 112, in call_openai_api
    return await call_gpt5_responses_api(system, user, api_key, model, temperature)
  File "/root/salesbot-mvp/app/analysis/pipeline.py", line 70, in call_gpt5_responses_api
    response = await client.post(
  File "/usr/local/lib/python3.10/dist-packages/httpx/_client.py", line 1848, in post
    return await self.request(
  File "/usr/local/lib/python3.10/dist-packages/httpx/_client.py", line 1530, in request
    return await self.send(request, auth=auth, follow_redirects=follow_redirects)
  File "/usr/local/lib/python3.10/dist-packages/httpx/_client.py", line 1617, in send
    response = await self._send_handling_auth(
  File "/usr/local/lib/python3.10/dist-packages/httpx/_client.py", line 1645, in _send_handling_auth
    response = await self._send_handling_redirects(
  File "/usr/local/lib/python3.10/dist-packages/httpx/_client.py", line 1682, in _send_handling_redirects
    response = await self._send_single_request(request)
  File "/usr/local/lib/python3.10/dist-packages/httpx/_client.py", line 1719, in _send_single_request
    response = await transport.handle_async_request(request)
  File "/usr/local/lib/python3.10/dist-packages/httpx/_transports/default.py", line 365, in handle_async_request
    with map_httpcore_exceptions():
  File "/usr/lib/python3.10/contextlib.py", line 153, in __exit__
    self.gen.throw(typ, value, traceback)
  File "/usr/local/lib/python3.10/dist-packages/httpx/_transports/default.py", line 83, in map_httpcore_exceptions
    raise mapped_exc(message) from exc
httpx.ReadTimeout
